8.1.2 04-12-2024 19:46:04 Starting new session. Mods: examplemod 
8.1.2 04-12-2024 19:46:14 MAJOR: null: Loading language: fr
8.1.2 04-12-2024 19:46:14 ERROR: null: Git conflict lines present in /workspaces/msxtest/servidor_minecraft/mods/millenaire/languages/zh_tw/quests_alchemist.txt
8.1.2 04-12-2024 19:46:14 ERROR: null: Git conflict lines present in /workspaces/msxtest/servidor_minecraft/mods/millenaire/languages/zh_tw/quests_sadhu.txt
8.1.2 04-12-2024 19:46:14 MAJOR: null: LanguageData loaded: fr. Wand invitem name: Wand of Summoning
8.1.2 04-12-2024 19:50:06 Starting new session. Mods: examplemod 
8.1.2 04-12-2024 19:50:15 MAJOR: null: Loading language: fr
8.1.2 04-12-2024 19:50:15 ERROR: null: Git conflict lines present in /workspaces/msxtest/servidor_minecraft/mods/millenaire/languages/zh_tw/quests_alchemist.txt
8.1.2 04-12-2024 19:50:15 ERROR: null: Git conflict lines present in /workspaces/msxtest/servidor_minecraft/mods/millenaire/languages/zh_tw/quests_sadhu.txt
8.1.2 04-12-2024 19:50:15 MAJOR: null: LanguageData loaded: fr. Wand invitem name: Wand of Summoning
8.1.2 04-12-2024 19:54:24 Starting new session. Mods: examplemod 
8.1.2 04-12-2024 19:54:33 MAJOR: null: Loading language: fr
8.1.2 04-12-2024 19:54:33 ERROR: null: Git conflict lines present in /workspaces/msxtest/servidor_minecraft/mods/millenaire/languages/zh_tw/quests_alchemist.txt
8.1.2 04-12-2024 19:54:33 ERROR: null: Git conflict lines present in /workspaces/msxtest/servidor_minecraft/mods/millenaire/languages/zh_tw/quests_sadhu.txt
8.1.2 04-12-2024 19:54:33 MAJOR: null: LanguageData loaded: fr. Wand invitem name: Wand of Summoning
8.1.2 04-12-2024 20:23:34 Starting new session. Mods: examplemod 
8.1.2 04-12-2024 20:23:43 MAJOR: null: Loading language: fr
8.1.2 04-12-2024 20:23:43 ERROR: null: Git conflict lines present in /workspaces/msxtest/servidor_minecraft/mods/millenaire/languages/zh_tw/quests_alchemist.txt
8.1.2 04-12-2024 20:23:43 ERROR: null: Git conflict lines present in /workspaces/msxtest/servidor_minecraft/mods/millenaire/languages/zh_tw/quests_sadhu.txt
8.1.2 04-12-2024 20:23:43 MAJOR: null: LanguageData loaded: fr. Wand invitem name: Wand of Summoning
8.1.2 04-12-2024 20:42:48 Starting new session. Mods: examplemod 
8.1.2 04-12-2024 20:42:57 MAJOR: null: Loading language: fr
8.1.2 04-12-2024 20:42:57 ERROR: null: Git conflict lines present in /workspaces/msxtest/servidor_minecraft/mods/millenaire/languages/zh_tw/quests_alchemist.txt
8.1.2 04-12-2024 20:42:57 ERROR: null: Git conflict lines present in /workspaces/msxtest/servidor_minecraft/mods/millenaire/languages/zh_tw/quests_sadhu.txt
8.1.2 04-12-2024 20:42:57 MAJOR: null: LanguageData loaded: fr. Wand invitem name: Wand of Summoning
8.1.2 05-12-2024 14:35:41 Starting new session. Mods: examplemod 
8.1.2 05-12-2024 14:35:50 MAJOR: null: Loading language: fr
8.1.2 05-12-2024 14:35:50 ERROR: null: Git conflict lines present in /workspaces/msxtest/servidor_minecraft/mods/millenaire/languages/zh_tw/quests_alchemist.txt
8.1.2 05-12-2024 14:35:50 ERROR: null: Git conflict lines present in /workspaces/msxtest/servidor_minecraft/mods/millenaire/languages/zh_tw/quests_sadhu.txt
8.1.2 05-12-2024 14:35:50 MAJOR: null: LanguageData loaded: fr. Wand invitem name: Wand of Summoning
